# JRE version: OpenJDK Runtime Environment Temurin-21.0.7+6 (21.0.7+6) (build 21.0.7+6-LTS)
# Java VM: OpenJDK 64-Bit Server VM Temurin-21.0.7+6 (21.0.7+6-LTS, mixed mode, emulated-client, sharing, tiered, compressed oops, compressed class ptrs, g1 gc, windows-amd64)
GC Precious Log:
 CardTable entry size: 512
 Card Set container configuration: InlinePtr #cards 4 size 8 Array Of Cards #cards 16 size 48 Howl #buckets 8 coarsen threshold 3686 Howl Bitmap #cards 512 size 80 coarsen threshold 460 Card regions per heap region 1 cards per card region 4096
 CPUs: 6 total, 6 available
 Memory: 16125M
 Large Page Support: Disabled
 NUMA Support: Disabled
 Compressed Oops: Enabled (Zero based)
 Heap Region Size: 2M
 Heap Min Capacity: 8M
 Heap Initial Capacity: 252M
 Heap Max Capacity: 4032M
 Pre-touch: Disabled
 Parallel Workers: 6
 Concurrent Workers: 2
 Concurrent Refinement Workers: 6
 Periodic GC: Disabled
Heap:
 garbage-first heap   total 90112K, used 74251K [0x0000000704000000, 0x0000000800000000)
  region size 2048K, 25 young (51200K), 2 survivors (4096K)
 Metaspace       used 66852K, committed 68288K, reserved 1114112K
  class space    used 8246K, committed 8832K, reserved 1048576K
GC Heap History (20 events):
Event: 5808.303 GC heap after
{Heap after GC invocations=150 (full 15):
 garbage-first heap   total 90112K, used 32511K [0x0000000704000000, 0x0000000800000000)
  region size 2048K, 2 young (4096K), 2 survivors (4096K)
 Metaspace       used 67208K, committed 68352K, reserved 1114112K
  class space    used 8275K, committed 8768K, reserved 1048576K
}
Event: 5818.162 GC heap before
{Heap before GC invocations=151 (full 15):
 garbage-first heap   total 90112K, used 75519K [0x0000000704000000, 0x0000000800000000)
  region size 2048K, 24 young (49152K), 2 survivors (4096K)
 Metaspace       used 67192K, committed 68416K, reserved 1114112K
  class space    used 8257K, committed 8768K, reserved 1048576K
}
Event: 5818.164 GC heap after
{Heap after GC invocations=152 (full 15):
 garbage-first heap   total 90112K, used 32272K [0x0000000704000000, 0x0000000800000000)
  region size 2048K, 2 young (4096K), 2 survivors (4096K)
 Metaspace       used 67192K, committed 68416K, reserved 1114112K
  class space    used 8257K, committed 8768K, reserved 1048576K
}
Event: 6017.054 GC heap before
{Heap before GC invocations=152 (full 15):
 garbage-first heap   total 90112K, used 75280K [0x0000000704000000, 0x0000000800000000)
  region size 2048K, 24 young (49152K), 2 survivors (4096K)
 Metaspace       used 67275K, committed 68480K, reserved 1114112K
  class space    used 8269K, committed 8768K, reserved 1048576K
}
Event: 6017.057 GC heap after
{Heap after GC invocations=153 (full 15):
 garbage-first heap   total 90112K, used 31536K [0x0000000704000000, 0x0000000800000000)
  region size 2048K, 2 young (4096K), 2 survivors (4096K)
 Metaspace       used 67275K, committed 68480K, reserved 1114112K
  class space    used 8269K, committed 8768K, reserved 1048576K
}
Event: 6208.541 GC heap before
{Heap before GC invocations=153 (full 15):
 garbage-first heap   total 90112K, used 72496K [0x0000000704000000, 0x0000000800000000)
  region size 2048K, 24 young (49152K), 2 survivors (4096K)
 Metaspace       used 67454K, committed 68672K, reserved 1114112K
  class space    used 8296K, committed 8832K, reserved 1048576K
}
Event: 6208.577 GC heap after
{Heap after GC invocations=154 (full 16):
 garbage-first heap   total 90112K, used 24120K [0x0000000704000000, 0x0000000800000000)
  region size 2048K, 0 young (0K), 0 survivors (0K)
 Metaspace       used 66037K, committed 68288K, reserved 1114112K
  class space    used 8175K, committed 8832K, reserved 1048576K
}
Event: 6208.815 GC heap before
{Heap before GC invocations=154 (full 16):
 garbage-first heap   total 90112K, used 50744K [0x0000000704000000, 0x0000000800000000)
  region size 2048K, 14 young (28672K), 0 survivors (0K)
 Metaspace       used 66172K, committed 68288K, reserved 1114112K
  class space    used 8194K, committed 8832K, reserved 1048576K
}
Event: 6208.816 GC heap after
{Heap after GC invocations=155 (full 16):
 garbage-first heap   total 90112K, used 27335K [0x0000000704000000, 0x0000000800000000)
  region size 2048K, 2 young (4096K), 2 survivors (4096K)
 Metaspace       used 66172K, committed 68288K, reserved 1114112K
  class space    used 8194K, committed 8832K, reserved 1048576K
}
Event: 6209.714 GC heap before
{Heap before GC invocations=156 (full 16):
 garbage-first heap   total 90112K, used 74439K [0x0000000704000000, 0x0000000800000000)
  region size 2048K, 25 young (51200K), 2 survivors (4096K)
 Metaspace       used 66549K, committed 68288K, reserved 1114112K
  class space    used 8240K, committed 8832K, reserved 1048576K
}
Event: 6209.716 GC heap after
{Heap after GC invocations=157 (full 16):
 garbage-first heap   total 90112K, used 30191K [0x0000000704000000, 0x0000000800000000)
  region size 2048K, 3 young (6144K), 3 survivors (6144K)
 Metaspace       used 66549K, committed 68288K, reserved 1114112K
  class space    used 8240K, committed 8832K, reserved 1048576K
}
Event: 6209.793 GC heap before
{Heap before GC invocations=157 (full 16):
 garbage-first heap   total 90112K, used 69103K [0x0000000704000000, 0x0000000800000000)
  region size 2048K, 23 young (47104K), 3 survivors (6144K)
 Metaspace       used 66747K, committed 68288K, reserved 1114112K
  class space    used 8261K, committed 8832K, reserved 1048576K
}
Event: 6209.796 GC heap after
{Heap after GC invocations=158 (full 16):
 garbage-first heap   total 90112K, used 31443K [0x0000000704000000, 0x0000000800000000)
  region size 2048K, 3 young (6144K), 3 survivors (6144K)
 Metaspace       used 66747K, committed 68288K, reserved 1114112K
  class space    used 8261K, committed 8832K, reserved 1048576K
}
Event: 6212.372 GC heap before
{Heap before GC invocations=159 (full 16):
 garbage-first heap   total 90112K, used 68307K [0x0000000704000000, 0x0000000800000000)
  region size 2048K, 22 young (45056K), 3 survivors (6144K)
 Metaspace       used 66795K, committed 68288K, reserved 1114112K
  class space    used 8266K, committed 8832K, reserved 1048576K
}
Event: 6212.375 GC heap after
{Heap after GC invocations=160 (full 16):
 garbage-first heap   total 90112K, used 34075K [0x0000000704000000, 0x0000000800000000)
  region size 2048K, 3 young (6144K), 3 survivors (6144K)
 Metaspace       used 66795K, committed 68288K, reserved 1114112K
  class space    used 8266K, committed 8832K, reserved 1048576K
}
Event: 6252.597 GC heap before
{Heap before GC invocations=160 (full 16):
 garbage-first heap   total 90112K, used 68891K [0x0000000704000000, 0x0000000800000000)
  region size 2048K, 21 young (43008K), 3 survivors (6144K)
 Metaspace       used 66841K, committed 68288K, reserved 1114112K
  class space    used 8268K, committed 8832K, reserved 1048576K
}
Event: 6252.604 GC heap after
{Heap after GC invocations=161 (full 16):
 garbage-first heap   total 90112K, used 35550K [0x0000000704000000, 0x0000000800000000)
  region size 2048K, 3 young (6144K), 3 survivors (6144K)
 Metaspace       used 66841K, committed 68288K, reserved 1114112K
  class space    used 8268K, committed 8832K, reserved 1048576K
}
Event: 6281.211 GC heap before
{Heap before GC invocations=161 (full 16):
 garbage-first heap   total 90112K, used 37598K [0x0000000704000000, 0x0000000800000000)
  region size 2048K, 5 young (10240K), 3 survivors (6144K)
 Metaspace       used 66875K, committed 68288K, reserved 1114112K
  class space    used 8269K, committed 8832K, reserved 1048576K
}
Event: 6281.250 GC heap after
{Heap after GC invocations=162 (full 17):
 garbage-first heap   total 90112K, used 27147K [0x0000000704000000, 0x0000000800000000)
  region size 2048K, 0 young (0K), 0 survivors (0K)
 Metaspace       used 66601K, committed 68288K, reserved 1114112K
  class space    used 8221K, committed 8832K, reserved 1048576K
}
Event: 6306.788 GC heap before
{Heap before GC invocations=162 (full 17):
 garbage-first heap   total 90112K, used 72203K [0x0000000704000000, 0x0000000800000000)
  region size 2048K, 23 young (47104K), 0 survivors (0K)
 Metaspace       used 66852K, committed 68288K, reserved 1114112K
  class space    used 8246K, committed 8832K, reserved 1048576K
}

